#---------------------------------------------------------
# HMC-SIM VERSION : 3.0
# DATE: 28/11/2018 21:08
#---------------------------------------------------------
# HMC_NUM_DEVICES       = 1
# HMC_NUM_LINKS         = 4
# HMC_NUM_QUADS         = 4
# HMC_NUM_VAULTS        = 32
# HMC_NUM_BANKS         = 16
# HMC_NUM_DRAMS         = 20
# HMC_CAPACITY_GB       = 4
# HMC_VAULT_QUEUE_DEPTH = 64
# HMC_XBAR_QUEUE_DEPTH  = 128
#---------------------------------------------------------
# LINK_PHY           = 1.000000
# LINK_LOCAL_ROUTE   = 2.000000
# LINK_REMOTE_ROUTE  = 3.000000
# XBAR_RQST_SLOT     = 0.200000
# XBAR_RSP_SLOT      = 0.250000
# XBAR_ROUTE_EXTERN  = 3.500000
# VAULT_RQST_SLOT    = 2.700000
# VAULT_RSP_SLOT     = 2.100000
# VAULT_CTRL         = 0.500000
# ROW_ACCESS         = 1.700000
#---------------------------------------------------------
HMCSIM_TRACE : 46761219 : T_LINK_PHY_POWER : 67108864.000000
HMCSIM_TRACE : 46761219 : T_LINK_LOCAL_ROUTE_POWER : 33554432.000000
HMCSIM_TRACE : 46761219 : T_LINK_REMOTE_ROUTE_POWER : 67108864.000000
HMCSIM_TRACE : 46761219 : T_XBAR_RQST_SLOT_POWER : 4194304.000000
HMCSIM_TRACE : 46761219 : T_XBAR_RSP_SLOT_POWER : 4194304.000000
HMCSIM_TRACE : 46761219 : T_XBAR_ROUTE_EXTERN_POWER : 0.000000
HMCSIM_TRACE : 46761219 : T_VAULT_RQST_SLOT_POWER : 67108864.000000
HMCSIM_TRACE : 46761219 : T_VAULT_RSP_SLOT_POWER : 67108864.000000
HMCSIM_TRACE : 46761219 : T_VAULT_CTRL_POWER : 8388608.000000
HMCSIM_TRACE : 46761219 : T_ROW_ACCESS_POWER : 33554432.000000
