#---------------------------------------------------------
# HMC-SIM VERSION : 3.0
# DATE: 28/11/2018 13:28
#---------------------------------------------------------
# HMC_NUM_DEVICES       = 1
# HMC_NUM_LINKS         = 4
# HMC_NUM_QUADS         = 4
# HMC_NUM_VAULTS        = 32
# HMC_NUM_BANKS         = 16
# HMC_NUM_DRAMS         = 20
# HMC_CAPACITY_GB       = 4
# HMC_VAULT_QUEUE_DEPTH = 64
# HMC_XBAR_QUEUE_DEPTH  = 128
#---------------------------------------------------------
# LINK_PHY           = 10.000000
# LINK_LOCAL_ROUTE   = 20.000000
# LINK_REMOTE_ROUTE  = 30.000000
# XBAR_RQST_SLOT     = 2.000000
# XBAR_RSP_SLOT      = 2.500000
# XBAR_ROUTE_EXTERN  = 35.000000
# VAULT_RQST_SLOT    = 27.000000
# VAULT_RSP_SLOT     = 21.000000
# VAULT_CTRL         = 5.000000
# ROW_ACCESS         = 17.000000
#---------------------------------------------------------
HMCSIM_TRACE : 883755 : T_LINK_PHY_POWER : 35350200.000000
HMCSIM_TRACE : 883755 : T_LINK_LOCAL_ROUTE_POWER : 536870912.000000
HMCSIM_TRACE : 883755 : T_LINK_REMOTE_ROUTE_POWER : 536870912.000000
HMCSIM_TRACE : 883755 : T_XBAR_RQST_SLOT_POWER : 33554432.000000
HMCSIM_TRACE : 883755 : T_XBAR_RSP_SLOT_POWER : 8232020.000000
HMCSIM_TRACE : 883755 : T_XBAR_ROUTE_EXTERN_POWER : 0.000000
HMCSIM_TRACE : 883755 : T_VAULT_RQST_SLOT_POWER : 536870912.000000
HMCSIM_TRACE : 883755 : T_VAULT_RSP_SLOT_POWER : 66655076.000000
HMCSIM_TRACE : 883755 : T_VAULT_CTRL_POWER : 9222535.000000
HMCSIM_TRACE : 883755 : T_ROW_ACCESS_POWER : 53671824.000000
