HMC_READ:16:0x00000000ff003b50
HMC_READ:16:0x000000000000973c
HMC_READ:16:0x0000000000009918
HMC_READ:16:0x000000000000b3d0
HMC_WRITE:16:0x000000000000b3d0
HMC_READ:16:0x000000000000df10
HMC_WRITE:16:0x000000000000df10
HMC_WRITE:16:0x000000000016a000
HMC_WRITE:16:0x000000000016b000
HMC_READ:16:0x00000000ff000038
HMC_WRITE:16:0x00000000ff000048
HMC_READ:16:0x00000000ff001000
HMC_READ:16:0x00000000ff002000
HMC_WRITE:16:0x00000000ff003b50
HMC_READ:16:0x00000000ff080e98
HMC_READ:16:0x00000000ff080fd8
HMC_WRITE:16:0x00000000ff080ec8
HMC_READ:16:0x00000000ff002000
HMC_WRITE:16:0x000000000016d000
HMC_READ:16:0x000000000000973c
HMC_READ:16:0x0000000000009918
HMC_READ:16:0x000000000000b3d0
HMC_WRITE:16:0x000000000000b3d0
HMC_READ:16:0x000000000000df10
HMC_WRITE:16:0x000000000000df10
HMC_WRITE:16:0x000000000016b000
HMC_WRITE:16:0x000000000016c000
HMC_READ:16:0x00000000ff000038
HMC_WRITE:16:0x00000000ff000048
HMC_READ:16:0x00000000ff001000
HMC_READ:16:0x00000000ff003b60
HMC_WRITE:16:0x00000000ff003b60
HMC_READ:16:0x00000000ff080e98
HMC_READ:16:0x00000000ff080fd8
HMC_WRITE:16:0x00000000ff080ec8
HMC_READ:16:0x000000000000b3d0
HMC_READ:16:0x000000000000973c
HMC_READ:16:0x0000000000009918
HMC_WRITE:16:0x000000000000b3d0
HMC_READ:16:0x000000000000df10
HMC_WRITE:16:0x000000000000df10
HMC_WRITE:16:0x000000000016d000
HMC_WRITE:16:0x000000000016e000
HMC_READ:16:0x00000000ff000038
HMC_WRITE:16:0x00000000ff000048
HMC_READ:16:0x00000000ff001000
HMC_READ:16:0x00000000ff002000
HMC_READ:16:0x00000000ff003b70
HMC_WRITE:16:0x00000000ff003b68
HMC_READ:16:0x00000000ff080e98
HMC_READ:16:0x00000000ff080fd8
HMC_WRITE:16:0x00000000ff080ec8
HMC_WRITE:16:0x000000000000df10
HMC_READ:16:0x000000000000973c
HMC_READ:16:0x0000000000009918
HMC_READ:16:0x000000000000b3d0
HMC_WRITE:16:0x000000000000b3d0
HMC_READ:16:0x000000000000df10
HMC_WRITE:16:0x000000000016f000
HMC_WRITE:16:0x0000000000170000
HMC_READ:16:0x00000000ff000038
HMC_WRITE:16:0x00000000ff000048
HMC_READ:16:0x00000000ff001000
HMC_READ:16:0x00000000ff002000
HMC_READ:16:0x00000000ff003b80
HMC_WRITE:16:0x00000000ff003b78
HMC_READ:16:0x00000000ff080e98
HMC_READ:16:0x00000000ff080fd8
HMC_WRITE:16:0x00000000ff080ec8
HMC_WRITE:16:0x000000000000df10
HMC_READ:16:0x000000000000973c
HMC_READ:16:0x0000000000009918
HMC_READ:16:0x000000000000b3d0
HMC_WRITE:16:0x000000000000b3d0
HMC_READ:16:0x000000000000df10
HMC_WRITE:16:0x0000000000171000
HMC_WRITE:16:0x0000000000172000
HMC_READ:16:0x00000000ff000038
HMC_WRITE:16:0x00000000ff000048
HMC_READ:16:0x00000000ff001000
HMC_READ:16:0x00000000ff002000
HMC_READ:16:0x00000000ff003b90
HMC_WRITE:16:0x00000000ff003b88
HMC_READ:16:0x00000000ff080e98
HMC_READ:16:0x00000000ff080fd8
HMC_WRITE:16:0x00000000ff080ec8
HMC_WRITE:16:0x000000000000df10
HMC_READ:16:0x000000000000973c
HMC_READ:16:0x0000000000009918
HMC_READ:16:0x000000000000b3d0
HMC_WRITE:16:0x000000000000b3d0
HMC_READ:16:0x000000000000df10
HMC_WRITE:16:0x0000000000173000
HMC_WRITE:16:0x0000000000174000
HMC_READ:16:0x00000000ff000038
HMC_WRITE:16:0x00000000ff000048
HMC_READ:16:0x00000000ff001000
HMC_READ:16:0x00000000ff002000
HMC_READ:16:0x00000000ff003ba0
HMC_WRITE:16:0x00000000ff003b98
HMC_READ:16:0x00000000ff080e98
HMC_READ:16:0x00000000ff080fd8
HMC_WRITE:16:0x00000000ff080ec8
HMC_WRITE:16:0x000000000000df10
HMC_READ:16:0x000000000000973c
HMC_READ:16:0x0000000000009918
HMC_READ:16:0x000000000000b3d0
HMC_WRITE:16:0x000000000000b3d0
HMC_READ:16:0x000000000000df10
HMC_WRITE:16:0x0000000000175000
HMC_WRITE:16:0x0000000000176000
HMC_READ:16:0x00000000ff000038
HMC_WRITE:16:0x00000000ff000048
HMC_READ:16:0x00000000ff001000
HMC_READ:16:0x00000000ff002000
HMC_READ:16:0x00000000ff003bb0
HMC_WRITE:16:0x00000000ff003ba8
HMC_READ:16:0x00000000ff080e98
HMC_READ:16:0x00000000ff080fd8
HMC_WRITE:16:0x00000000ff080ec8
HMC_WRITE:16:0x000000000000df10
HMC_READ:16:0x000000000000973c
HMC_READ:16:0x0000000000009918
HMC_READ:16:0x000000000000b3d0
HMC_WRITE:16:0x000000000000b3d0
HMC_READ:16:0x000000000000df10
HMC_WRITE:16:0x0000000000177000
HMC_WRITE:16:0x0000000000178000
HMC_READ:16:0x00000000ff000038
HMC_WRITE:16:0x00000000ff000048
HMC_READ:16:0x00000000ff001000
HMC_READ:16:0x00000000ff002000
HMC_READ:16:0x00000000ff003bc0
HMC_WRITE:16:0x00000000ff003bb8
HMC_READ:16:0x00000000ff080e98
HMC_READ:16:0x00000000ff080fd8
HMC_WRITE:16:0x00000000ff080ec8
HMC_WRITE:16:0x000000000000df10
HMC_READ:16:0x000000000000973c
HMC_READ:16:0x0000000000009918
HMC_READ:16:0x000000000000b3d0
HMC_WRITE:16:0x000000000000b3d0
HMC_READ:16:0x000000000000df10
HMC_WRITE:16:0x0000000000179000
HMC_WRITE:16:0x000000000017a000
HMC_READ:16:0x00000000ff000038
HMC_WRITE:16:0x00000000ff000048
HMC_READ:16:0x00000000ff001000
HMC_READ:16:0x00000000ff002000
HMC_READ:16:0x00000000ff003bd0
HMC_WRITE:16:0x00000000ff003bc8
HMC_READ:16:0x00000000ff080e98
HMC_READ:16:0x00000000ff080fd8
HMC_WRITE:16:0x00000000ff080ec8
HMC_WRITE:16:0x00000000ff003bd8
HMC_READ:16:0x00000000ff080e98
HMC_READ:16:0x00000000ff080fd8
HMC_READ:16:0x000000000000973c
HMC_READ:16:0x0000000000009918
HMC_READ:16:0x000000000000b3d0
HMC_WRITE:16:0x000000000000b3d0
HMC_READ:16:0x000000000000df10
HMC_WRITE:16:0x000000000000df10
HMC_WRITE:16:0x000000000017b000
HMC_WRITE:16:0x000000000017c000
HMC_READ:16:0x00000000ff000038
HMC_WRITE:16:0x00000000ff000048
HMC_READ:16:0x00000000ff001000
HMC_READ:16:0x00000000ff002000
HMC_READ:16:0x00000000ff003be0
HMC_WRITE:16:0x00000000ff003be8
HMC_WRITE:16:0x00000000ff080ec8
HMC_WRITE:16:0x00000000ff080ec8
HMC_READ:16:0x000000000000b3d0
HMC_READ:16:0x000000000000973c
HMC_READ:16:0x0000000000009918
HMC_WRITE:16:0x000000000000b3d0
HMC_READ:16:0x000000000000df10
HMC_WRITE:16:0x000000000000df10
HMC_WRITE:16:0x000000000017d000
HMC_WRITE:16:0x000000000017e000
HMC_READ:16:0x00000000ff000038
HMC_WRITE:16:0x00000000ff000048
HMC_READ:16:0x00000000ff001000
HMC_READ:16:0x00000000ff002000
HMC_READ:16:0x00000000ff003bf0
HMC_WRITE:16:0x00000000ff003be8
HMC_READ:16:0x00000000ff080e98
HMC_READ:16:0x00000000ff080fd8
HMC_WRITE:16:0x000000000000df10
HMC_READ:16:0x000000000000973c
HMC_READ:16:0x0000000000009918
HMC_READ:16:0x000000000000b3d0
HMC_WRITE:16:0x000000000000b3d0
HMC_READ:16:0x000000000000df10
HMC_WRITE:16:0x000000000017f000
HMC_WRITE:16:0x0000000000180000
HMC_READ:16:0x00000000ff000038
HMC_WRITE:16:0x00000000ff000048
HMC_READ:16:0x00000000ff001000
HMC_READ:16:0x00000000ff002000
HMC_READ:16:0x00000000ff003c00
HMC_WRITE:16:0x00000000ff003bf8
HMC_READ:16:0x00000000ff080e98
HMC_READ:16:0x00000000ff080fd8
HMC_WRITE:16:0x00000000ff080ec8
HMC_WRITE:16:0x000000000000df10
HMC_READ:16:0x000000000000973c
HMC_READ:16:0x0000000000009918
HMC_READ:16:0x000000000000b3d0
HMC_WRITE:16:0x000000000000b3d0
HMC_READ:16:0x000000000000df10
HMC_WRITE:16:0x0000000000181000
HMC_WRITE:16:0x0000000000182000
HMC_READ:16:0x00000000ff000038
HMC_WRITE:16:0x00000000ff000048
HMC_READ:16:0x00000000ff001000
HMC_READ:16:0x00000000ff002000
HMC_READ:16:0x00000000ff003c10
HMC_WRITE:16:0x00000000ff003c08
HMC_READ:16:0x00000000ff080e98
HMC_READ:16:0x00000000ff080fd8
HMC_WRITE:16:0x00000000ff080ec8
HMC_WRITE:16:0x000000000000df10
HMC_READ:16:0x000000000000973c
HMC_READ:16:0x0000000000009918
HMC_READ:16:0x000000000000b3d0
HMC_WRITE:16:0x000000000000b3d0
HMC_READ:16:0x000000000000df10
HMC_WRITE:16:0x0000000000183000
HMC_WRITE:16:0x0000000000184000
HMC_READ:16:0x00000000ff000038
HMC_WRITE:16:0x00000000ff000048
HMC_READ:16:0x00000000ff001000
HMC_READ:16:0x00000000ff002000
HMC_READ:16:0x00000000ff003c20
HMC_WRITE:16:0x00000000ff003c18
HMC_READ:16:0x00000000ff080e98
HMC_READ:16:0x00000000ff080fd8
HMC_WRITE:16:0x00000000ff080ec8
HMC_WRITE:16:0x000000000000df10
HMC_READ:16:0x000000000000973c
HMC_READ:16:0x0000000000009918
HMC_READ:16:0x000000000000b3d0
HMC_WRITE:16:0x000000000000b3d0
HMC_READ:16:0x000000000000df10
HMC_WRITE:16:0x0000000000185000
HMC_WRITE:16:0x0000000000186000
HMC_READ:16:0x00000000ff000038
HMC_WRITE:16:0x00000000ff000048
HMC_READ:16:0x00000000ff001000
HMC_READ:16:0x00000000ff002000
HMC_READ:16:0x00000000ff003c30
HMC_WRITE:16:0x00000000ff003c28
HMC_READ:16:0x00000000ff080e98
HMC_READ:16:0x00000000ff080fd8
HMC_WRITE:16:0x00000000ff080ec8
HMC_WRITE:16:0x000000000000df10
HMC_READ:16:0x000000000000973c
HMC_READ:16:0x0000000000009918
HMC_WRITE:16:0x000000000000b3d0
HMC_READ:16:0x00000000ff003c40
HMC_READ:16:0x00000000ff000038
HMC_READ:16:0x000000000000973c
HMC_READ:16:0x000000000000b3d0
HMC_WRITE:16:0x000000000000b3d0
HMC_READ:16:0x000000000000df10
HMC_WRITE:16:0x0000000000187000
HMC_WRITE:16:0x0000000000188000
HMC_WRITE:16:0x0000000000189000
HMC_WRITE:16:0x00000000ff000048
HMC_READ:16:0x00000000ff001000
HMC_READ:16:0x00000000ff002000
HMC_WRITE:16:0x00000000ff003c38
HMC_WRITE:16:0x00000000ff003c40
HMC_READ:16:0x00000000ff080e98
HMC_READ:16:0x00000000ff080fd8
HMC_WRITE:16:0x00000000ff080ec8
HMC_READ:16:0x00000000ff002000
HMC_READ:16:0x00000000ff000038
HMC_WRITE:16:0x00000000ff003c50
HMC_READ:16:0x000000000000973c
HMC_READ:16:0x0000000000009918
HMC_READ:16:0x000000000000b3d0
HMC_WRITE:16:0x000000000000b3d0
HMC_READ:16:0x000000000000df10
HMC_WRITE:16:0x000000000000df10
HMC_WRITE:16:0x000000000018a000
HMC_WRITE:16:0x000000000018b000
HMC_WRITE:16:0x00000000ff000048
HMC_READ:16:0x00000000ff001000
HMC_READ:16:0x00000000ff003c50
HMC_READ:16:0x00000000ff080e98
HMC_READ:16:0x00000000ff080fd8
HMC_WRITE:16:0x00000000ff080ec8
HMC_READ:16:0x00000000ff003c60
HMC_READ:16:0x00000000ff000038
HMC_WRITE:16:0x000000000018d000
HMC_READ:16:0x000000000000973c
HMC_READ:16:0x0000000000009918
HMC_READ:16:0x000000000000b3d0
HMC_WRITE:16:0x000000000000b3d0
HMC_READ:16:0x000000000000df10
HMC_WRITE:16:0x000000000000df10
HMC_WRITE:16:0x000000000018c000
HMC_WRITE:16:0x000000000018d000
HMC_WRITE:16:0x00000000ff000048
HMC_READ:16:0x00000000ff001000
HMC_READ:16:0x00000000ff002000
HMC_WRITE:16:0x00000000ff003c60
HMC_READ:16:0x00000000ff080e98
HMC_READ:16:0x00000000ff080fd8
HMC_WRITE:16:0x00000000ff080ec8
HMC_READ:16:0x00000000ff002000
HMC_READ:16:0x000000000000973c
HMC_READ:16:0x0000000000009918
HMC_READ:16:0x000000000000b3d0
HMC_WRITE:16:0x000000000000b3d0
HMC_READ:16:0x000000000000df10
HMC_WRITE:16:0x000000000000df10
HMC_WRITE:16:0x000000000018e000
HMC_WRITE:16:0x000000000018f000
HMC_READ:16:0x00000000ff000038
HMC_WRITE:16:0x00000000ff000048
HMC_READ:16:0x00000000ff001000
HMC_READ:16:0x00000000ff003c70
HMC_WRITE:16:0x00000000ff003c70
HMC_READ:16:0x00000000ff080e98
HMC_READ:16:0x00000000ff080fd8
HMC_WRITE:16:0x00000000ff080ec8
HMC_WRITE:16:0x000000000018f000
HMC_WRITE:16:0x00000000ff080ec8
HMC_READ:16:0x00000000ff001000
HMC_READ:16:0x00000000ff001000
HMC_READ:16:0x000000000000973c
HMC_READ:16:0x0000000000009918
HMC_READ:16:0x000000000000b3d0
HMC_WRITE:16:0x000000000000b3d0
HMC_READ:16:0x000000000000df10
HMC_WRITE:16:0x000000000000df10
HMC_WRITE:16:0x0000000000190000
HMC_WRITE:16:0x0000000000191000
HMC_READ:16:0x00000000ff000038
HMC_WRITE:16:0x00000000ff000048
HMC_READ:16:0x00000000ff002000
HMC_READ:16:0x00000000ff003c80
HMC_WRITE:16:0x00000000ff003c80
HMC_READ:16:0x00000000ff080e98
HMC_READ:16:0x00000000ff080fd8
HMC_WRITE:16:0x00000000ff080ec8
HMC_READ:16:0x000000000000b3d0
HMC_READ:16:0x000000000000973c
HMC_READ:16:0x0000000000009918
HMC_WRITE:16:0x000000000000b3d0
HMC_READ:16:0x000000000000df10
HMC_WRITE:16:0x000000000000df10
HMC_WRITE:16:0x0000000000191000
HMC_WRITE:16:0x0000000000192000
HMC_READ:16:0x00000000ff000038
HMC_WRITE:16:0x00000000ff000048
HMC_READ:16:0x00000000ff001000
HMC_READ:16:0x00000000ff002000
HMC_READ:16:0x00000000ff003c90
HMC_WRITE:16:0x00000000ff003c88
HMC_READ:16:0x00000000ff080e98
HMC_READ:16:0x00000000ff080fd8
HMC_WRITE:16:0x00000000ff080ec8
HMC_WRITE:16:0x000000000000df10
HMC_READ:16:0x000000000000973c
HMC_READ:16:0x0000000000009918
HMC_READ:16:0x000000000000b3d0
HMC_WRITE:16:0x000000000000b3d0
HMC_READ:16:0x000000000000df10
HMC_WRITE:16:0x0000000000193000
HMC_WRITE:16:0x0000000000194000
HMC_READ:16:0x00000000ff000038
HMC_WRITE:16:0x00000000ff000048
HMC_READ:16:0x00000000ff001000
HMC_READ:16:0x00000000ff002000
HMC_READ:16:0x00000000ff003ca0
HMC_WRITE:16:0x00000000ff003c98
HMC_READ:16:0x00000000ff080e98
HMC_READ:16:0x00000000ff080fd8
HMC_WRITE:16:0x00000000ff080ec8
HMC_WRITE:16:0x000000000000df10
HMC_READ:16:0x000000000000973c
HMC_READ:16:0x0000000000009918
HMC_READ:16:0x000000000000b3d0
HMC_WRITE:16:0x000000000000b3d0
HMC_READ:16:0x000000000000df10
HMC_WRITE:16:0x0000000000195000
HMC_WRITE:16:0x0000000000196000
HMC_READ:16:0x00000000ff000038
HMC_WRITE:16:0x00000000ff000048
HMC_READ:16:0x00000000ff001000
HMC_READ:16:0x00000000ff002000
HMC_READ:16:0x00000000ff003cb0
HMC_WRITE:16:0x00000000ff003ca8
HMC_READ:16:0x00000000ff080e98
HMC_READ:16:0x00000000ff080fd8
HMC_WRITE:16:0x00000000ff080ec8
--------------------------------------------------
 Runtime Stats
--------------------------------------------------
RD1        0
RD2        0
RD4        90
RD8        359
RD16       0
WR1        0
WR2        0
WR4        135
WR8        315
WR16       0
--------------------------------------------------
HMC_WR_16  169
HMC_WR_32  0
HMC_WR_48  0
HMC_WR_64  0
HMC_WR_80  0
HMC_WR_96  0
HMC_WR_112 0
HMC_WR_128 0
HMC_WR_256 0
HMC_RD_16  232
HMC_RD_32  0
HMC_RD_48  0
HMC_RD_64  0
HMC_RD_80  0
HMC_RD_96  0
HMC_RD_112 0
HMC_RD_128 0
HMC_RD_256 0
--------------------------------------------------
 TOTAL_READ_INPUT     449
 TOTAL_WRITE_INPUT    450
 TOTAL_INPUT          899
 TOTAL_READ_OUTPUT    232
 TOTAL_WRITE_OUTPUT   169
 TOTAL_OUTPUT         401
 READ_EFFICIENCY      48.329621
 WRITE_EFFICIENCY     62.444444
 TOTAL_EFFICIENCY     55.394883
--------------------------------------------------
