#---------------------------------------------------------
# HMC-SIM VERSION : 3.0
# DATE: 28/11/2018 17:12
#---------------------------------------------------------
# HMC_NUM_DEVICES       = 1
# HMC_NUM_LINKS         = 4
# HMC_NUM_QUADS         = 4
# HMC_NUM_VAULTS        = 32
# HMC_NUM_BANKS         = 16
# HMC_NUM_DRAMS         = 20
# HMC_CAPACITY_GB       = 4
# HMC_VAULT_QUEUE_DEPTH = 64
# HMC_XBAR_QUEUE_DEPTH  = 128
#---------------------------------------------------------
# LINK_PHY           = 0.100000
# LINK_LOCAL_ROUTE   = 0.100000
# LINK_REMOTE_ROUTE  = 0.100000
# XBAR_RQST_SLOT     = 0.100000
# XBAR_RSP_SLOT      = 0.100000
# XBAR_ROUTE_EXTERN  = 0.100000
# VAULT_RQST_SLOT    = 0.100000
# VAULT_RSP_SLOT     = 0.100000
# VAULT_CTRL         = 0.100000
# ROW_ACCESS         = 0.100000
#---------------------------------------------------------
HMCSIM_TRACE : 1648 : T_LINK_PHY_POWER : 659.203430
HMCSIM_TRACE : 1648 : T_LINK_LOCAL_ROUTE_POWER : 11121.154297
HMCSIM_TRACE : 1648 : T_LINK_REMOTE_ROUTE_POWER : 34708.316406
HMCSIM_TRACE : 1648 : T_XBAR_RQST_SLOT_POWER : 45452.511719
HMCSIM_TRACE : 1648 : T_XBAR_RSP_SLOT_POWER : 548.113220
HMCSIM_TRACE : 1648 : T_XBAR_ROUTE_EXTERN_POWER : 0.000000
HMCSIM_TRACE : 1648 : T_VAULT_RQST_SLOT_POWER : 29041.777344
HMCSIM_TRACE : 1648 : T_VAULT_RSP_SLOT_POWER : 548.113220
HMCSIM_TRACE : 1648 : T_VAULT_CTRL_POWER : 658.186340
HMCSIM_TRACE : 1648 : T_ROW_ACCESS_POWER : 548.113220
