#---------------------------------------------------------
# HMC-SIM VERSION : 3.0
# DATE: 29/11/2018 08:07
#---------------------------------------------------------
# HMC_NUM_DEVICES       = 1
# HMC_NUM_LINKS         = 4
# HMC_NUM_QUADS         = 4
# HMC_NUM_VAULTS        = 32
# HMC_NUM_BANKS         = 16
# HMC_NUM_DRAMS         = 20
# HMC_CAPACITY_GB       = 4
# HMC_VAULT_QUEUE_DEPTH = 64
# HMC_XBAR_QUEUE_DEPTH  = 128
#---------------------------------------------------------
# LINK_PHY           = 1.000000
# LINK_LOCAL_ROUTE   = 2.000000
# LINK_REMOTE_ROUTE  = 3.000000
# XBAR_RQST_SLOT     = 0.200000
# XBAR_RSP_SLOT      = 0.250000
# XBAR_ROUTE_EXTERN  = 3.500000
# VAULT_RQST_SLOT    = 2.700000
# VAULT_RSP_SLOT     = 2.100000
# VAULT_CTRL         = 0.500000
# ROW_ACCESS         = 1.700000
#---------------------------------------------------------
HMCSIM_TRACE : 46761219 : T_LINK_PHY_POWER : 187044876.000000
HMCSIM_TRACE : 46761219 : T_LINK_LOCAL_ROUTE_POWER : 7990605518.000000
HMCSIM_TRACE : 46761219 : T_LINK_REMOTE_ROUTE_POWER : 38658228171.000000
HMCSIM_TRACE : 46761219 : T_XBAR_RQST_SLOT_POWER : 3316637901.606460
HMCSIM_TRACE : 46761219 : T_XBAR_RSP_SLOT_POWER : 74546385.750000
HMCSIM_TRACE : 46761219 : T_XBAR_ROUTE_EXTERN_POWER : 0.000000
HMCSIM_TRACE : 46761219 : T_VAULT_RQST_SLOT_POWER : 9259962453.744614
HMCSIM_TRACE : 46761219 : T_VAULT_RSP_SLOT_POWER : 626189611.862811
HMCSIM_TRACE : 46761219 : T_VAULT_CTRL_POWER : 80109335.500000
HMCSIM_TRACE : 46761219 : T_ROW_ACCESS_POWER : 506915437.318595
