#---------------------------------------------------------
# HMC-SIM VERSION : 3.0
# DATE: 03/12/2018 13:51
#---------------------------------------------------------
# HMC_NUM_DEVICES       = 1
# HMC_NUM_LINKS         = 4
# HMC_NUM_QUADS         = 4
# HMC_NUM_VAULTS        = 32
# HMC_NUM_BANKS         = 16
# HMC_NUM_DRAMS         = 20
# HMC_CAPACITY_GB       = 4
# HMC_VAULT_QUEUE_DEPTH = 64
# HMC_XBAR_QUEUE_DEPTH  = 128
#---------------------------------------------------------
# LINK_PHY           = 10
# LINK_LOCAL_ROUTE   = 20
# LINK_REMOTE_ROUTE  = 30
# XBAR_RQST_SLOT     = 2
# XBAR_RSP_SLOT      = 2.500000
# XBAR_ROUTE_EXTERN  = 35
# VAULT_RQST_SLOT    = 27
# VAULT_RSP_SLOT     = 21
# VAULT_CTRL         = 5
# ROW_ACCESS         = 17
#---------------------------------------------------------
HMCSIM_TRACE : 1648 : T_LINK_PHY_POWER : 65920
HMCSIM_TRACE : 1648 : T_LINK_LOCAL_ROUTE_POWER : 2225400
HMCSIM_TRACE : 1648 : T_LINK_REMOTE_ROUTE_POWER : 10430760
HMCSIM_TRACE : 1648 : T_XBAR_RQST_SLOT_POWER : 906962
HMCSIM_TRACE : 1648 : T_XBAR_RSP_SLOT_POWER : 13702.500000
HMCSIM_TRACE : 1648 : T_XBAR_ROUTE_EXTERN_POWER : 0
HMCSIM_TRACE : 1648 : T_VAULT_RQST_SLOT_POWER : 7863345
HMCSIM_TRACE : 1648 : T_VAULT_RSP_SLOT_POWER : 115101
HMCSIM_TRACE : 1648 : T_VAULT_CTRL_POWER : 32910
HMCSIM_TRACE : 1648 : T_ROW_ACCESS_POWER : 93177
